Build started 11/30/2014 4:57:33 PM.
     1>Project "C:\Users\Laurie\Documents\Visual Studio 2013\Projects\Beat Detection\Beat Detection\Beat Detection.vcxproj" on node 2 (Build target(s)).
     1>ClCompile:
         C:\Program Files (x86)\Microsoft Visual Studio 12.0\VC\bin\CL.exe /c /IDXUT\Core /IDXUT\Optional /ZI /nologo /W3 /WX- /sdl /Od /Oy- /D WIN32 /D _DEBUG /D _CONSOLE /D _LIB /D _UNICODE /D UNICODE /Gm /EHsc /RTC1 /MDd /GS /fp:precise /Zc:wchar_t /Zc:forScope /Fo"Debug\\" /Fd"Debug\vc120.pdb" /Gd /TP /analyze- /errorReport:prompt main.cpp
         main.cpp
     1>c:\users\laurie\documents\visual studio 2013\projects\beat detection\beat detection\main.cpp(160): warning C4244: 'initializing' : conversion from 'double' to 'int', possible loss of data
     1>c:\users\laurie\documents\visual studio 2013\projects\beat detection\beat detection\main.cpp(160): warning C4018: '<' : signed/unsigned mismatch
     1>c:\users\laurie\documents\visual studio 2013\projects\beat detection\beat detection\main.cpp(179): warning C4244: 'argument' : conversion from 'double' to 'float', possible loss of data
     1>c:\users\laurie\documents\visual studio 2013\projects\beat detection\beat detection\main.cpp(186): warning C4244: 'initializing' : conversion from 'double' to 'int', possible loss of data
     1>c:\users\laurie\documents\visual studio 2013\projects\beat detection\beat detection\main.cpp(186): warning C4018: '<' : signed/unsigned mismatch
     1>c:\users\laurie\documents\visual studio 2013\projects\beat detection\beat detection\main.cpp(200): warning C4244: 'argument' : conversion from 'double' to 'float', possible loss of data
     1>c:\users\laurie\documents\visual studio 2013\projects\beat detection\beat detection\main.cpp(420): warning C4244: 'initializing' : conversion from 'const double' to 'const int', possible loss of data
     1>c:\users\laurie\documents\visual studio 2013\projects\beat detection\beat detection\main.cpp(456): warning C4018: '<' : signed/unsigned mismatch
     1>c:\users\laurie\documents\visual studio 2013\projects\beat detection\beat detection\main.cpp(525): warning C4244: 'initializing' : conversion from 'double' to 'const int', possible loss of data
     1>c:\users\laurie\documents\visual studio 2013\projects\beat detection\beat detection\main.cpp(531): warning C4244: 'initializing' : conversion from 'double' to 'const int', possible loss of data
     1>c:\users\laurie\documents\visual studio 2013\projects\beat detection\beat detection\main.cpp(602): warning C4018: '<' : signed/unsigned mismatch
     1>c:\users\laurie\documents\visual studio 2013\projects\beat detection\beat detection\main.cpp(631): warning C4244: '=' : conversion from 'double' to 'int', possible loss of data
     1>c:\users\laurie\documents\visual studio 2013\projects\beat detection\beat detection\main.cpp(635): warning C4244: 'initializing' : conversion from 'double' to 'int', possible loss of data
     1>c:\users\laurie\documents\visual studio 2013\projects\beat detection\beat detection\main.cpp(705): warning C4101: 'deltabeats' : unreferenced local variable
     1>c:\users\laurie\documents\visual studio 2013\projects\beat detection\beat detection\main.cpp(756): warning C4244: 'initializing' : conversion from 'double' to 'const int', possible loss of data
     1>c:\users\laurie\documents\visual studio 2013\projects\beat detection\beat detection\main.cpp(764): warning C4244: 'initializing' : conversion from 'double' to 'const int', possible loss of data
     1>c:\users\laurie\documents\visual studio 2013\projects\beat detection\beat detection\main.cpp(835): warning C4018: '<' : signed/unsigned mismatch
     1>c:\users\laurie\documents\visual studio 2013\projects\beat detection\beat detection\main.cpp(970): warning C4715: 'InitXAudio2' : not all control paths return a value
       Link:
         C:\Program Files (x86)\Microsoft Visual Studio 12.0\VC\bin\link.exe /ERRORREPORT:PROMPT /OUT:"C:\Users\Laurie\Documents\Visual Studio 2013\Projects\Beat Detection\Debug\Beat Detection.exe" /INCREMENTAL /NOLOGO "sfml-graphics.lib" "sfml-window.lib" "sfml-system.lib" winmm.lib dxerr.lib kernel32.lib user32.lib gdi32.lib winspool.lib comdlg32.lib advapi32.lib shell32.lib ole32.lib oleaut32.lib uuid.lib odbc32.lib odbccp32.lib /MANIFEST /MANIFESTUAC:"level='asInvoker' uiAccess='false'" /manifest:embed /DEBUG /PDB:"C:\Users\Laurie\Documents\Visual Studio 2013\Projects\Beat Detection\Debug\Beat Detection.pdb" /SUBSYSTEM:CONSOLE /TLBID:1 /DYNAMICBASE /NXCOMPAT /IMPLIB:"C:\Users\Laurie\Documents\Visual Studio 2013\Projects\Beat Detection\Debug\Beat Detection.lib" /MACHINE:X86 Debug\SDKwavefile.obj
         Debug\FFT.obj
         Debug\main.obj
         Beat Detection.vcxproj -> C:\Users\Laurie\Documents\Visual Studio 2013\Projects\Beat Detection\Debug\Beat Detection.exe
     1>Done Building Project "C:\Users\Laurie\Documents\Visual Studio 2013\Projects\Beat Detection\Beat Detection\Beat Detection.vcxproj" (Build target(s)).

Build succeeded.

Time Elapsed 00:00:01.67
