Build started 12/11/2014 1:44:49 AM.
     1>Project "C:\Users\Laurie\Documents\Visual Studio 2013\Projects\Beat Detection\Beat Detection\Beat Detection.vcxproj" on node 2 (Build target(s)).
     1>ClCompile:
         C:\Program Files (x86)\Microsoft Visual Studio 12.0\VC\bin\x86_amd64\CL.exe /c /IDXUT\Core /IDXUT\Optional /Zi /nologo /W3 /WX- /sdl /Od /D WIN32 /D _DEBUG /D _CONSOLE /D _LIB /D _UNICODE /D UNICODE /Gm /EHsc /RTC1 /MDd /GS /fp:precise /Zc:wchar_t /Zc:forScope /Fo"x64\Debug\\" /Fd"x64\Debug\vc120.pdb" /Gd /TP /errorReport:prompt main.cpp
         main.cpp
     1>main.cpp(129): warning C4244: 'initializing' : conversion from 'double' to 'int', possible loss of data
     1>main.cpp(148): warning C4244: 'argument' : conversion from 'double' to 'float', possible loss of data
     1>main.cpp(154): warning C4244: 'initializing' : conversion from 'double' to 'int', possible loss of data
     1>main.cpp(168): warning C4244: 'argument' : conversion from 'double' to 'float', possible loss of data
     1>main.cpp(173): warning C4244: 'initializing' : conversion from 'double' to 'const int', possible loss of data
     1>main.cpp(181): warning C4244: 'argument' : conversion from 'double' to 'float', possible loss of data
     1>main.cpp(197): warning C4244: 'argument' : conversion from 'double' to 'float', possible loss of data
     1>main.cpp(312): warning C4244: 'initializing' : conversion from 'double' to 'const int', possible loss of data
     1>main.cpp(318): warning C4244: 'initializing' : conversion from 'double' to 'const int', possible loss of data
     1>main.cpp(352): warning C4018: '<' : signed/unsigned mismatch
     1>main.cpp(383): warning C4244: '=' : conversion from 'double' to 'int', possible loss of data
     1>main.cpp(387): warning C4244: 'initializing' : conversion from 'double' to 'int', possible loss of data
     1>c:\users\laurie\documents\visual studio 2013\projects\beat detection\beat detection\main.cpp(649): warning C4715: 'InitXAudio2' : not all control paths return a value
       Link:
         C:\Program Files (x86)\Microsoft Visual Studio 12.0\VC\bin\x86_amd64\link.exe /ERRORREPORT:PROMPT /OUT:"C:\Users\Laurie\Documents\Visual Studio 2013\Projects\Beat Detection\x64\Debug\Beat Detection.exe" /INCREMENTAL /NOLOGO "sfml-graphics.lib" "sfml-window.lib" "sfml-system.lib" winmm.lib dxerr.lib kernel32.lib user32.lib gdi32.lib winspool.lib comdlg32.lib advapi32.lib shell32.lib ole32.lib oleaut32.lib uuid.lib odbc32.lib odbccp32.lib /MANIFEST /MANIFESTUAC:"level='asInvoker' uiAccess='false'" /manifest:embed /DEBUG /PDB:"C:\Users\Laurie\Documents\Visual Studio 2013\Projects\Beat Detection\x64\Debug\Beat Detection.pdb" /SUBSYSTEM:CONSOLE /TLBID:1 /DYNAMICBASE /NXCOMPAT /IMPLIB:"C:\Users\Laurie\Documents\Visual Studio 2013\Projects\Beat Detection\x64\Debug\Beat Detection.lib" /MACHINE:X64 x64\Debug\SDKwavefile.obj
         x64\Debug\FFT.obj
         x64\Debug\main.obj
         Beat Detection.vcxproj -> C:\Users\Laurie\Documents\Visual Studio 2013\Projects\Beat Detection\x64\Debug\Beat Detection.exe
     1>Done Building Project "C:\Users\Laurie\Documents\Visual Studio 2013\Projects\Beat Detection\Beat Detection\Beat Detection.vcxproj" (Build target(s)).

Build succeeded.

Time Elapsed 00:00:02.18
