Build started 12/7/2014 10:34:55 PM.
     1>Project "C:\Users\Laurie\Documents\Visual Studio 2013\Projects\Beat Detection\Beat Detection\Beat Detection.vcxproj" on node 2 (Build target(s)).
     1>ClCompile:
         C:\Program Files (x86)\Microsoft Visual Studio 12.0\VC\bin\CL.exe /c /IDXUT\Core /IDXUT\Optional /Zi /nologo /W3 /WX- /sdl /O2 /Oi /Oy- /GL /D WIN32 /D NDEBUG /D _CONSOLE /D _LIB /D _UNICODE /D UNICODE /Gm- /EHsc /MT /GS /Gy /fp:precise /Zc:wchar_t /Zc:forScope /Fo"Release\\" /Fd"Release\vc120.pdb" /Gd /TP /analyze- /errorReport:prompt main.cpp
         main.cpp
     1>main.cpp(164): warning C4244: 'initializing' : conversion from 'double' to 'int', possible loss of data
     1>main.cpp(164): warning C4018: '<' : signed/unsigned mismatch
     1>main.cpp(183): warning C4244: 'argument' : conversion from 'double' to 'float', possible loss of data
     1>main.cpp(189): warning C4244: 'initializing' : conversion from 'double' to 'int', possible loss of data
     1>main.cpp(189): warning C4018: '<' : signed/unsigned mismatch
     1>main.cpp(203): warning C4244: 'argument' : conversion from 'double' to 'float', possible loss of data
     1>main.cpp(210): warning C4244: 'argument' : conversion from 'double' to 'float', possible loss of data
     1>main.cpp(431): warning C4244: 'initializing' : conversion from 'const double' to 'const int', possible loss of data
     1>main.cpp(467): warning C4018: '<' : signed/unsigned mismatch
     1>main.cpp(536): warning C4244: 'initializing' : conversion from 'double' to 'const int', possible loss of data
     1>main.cpp(542): warning C4244: 'initializing' : conversion from 'double' to 'const int', possible loss of data
     1>main.cpp(613): warning C4018: '<' : signed/unsigned mismatch
     1>main.cpp(642): warning C4244: '=' : conversion from 'double' to 'int', possible loss of data
     1>main.cpp(646): warning C4244: 'initializing' : conversion from 'double' to 'int', possible loss of data
     1>main.cpp(733): warning C4101: 'deltabeats' : unreferenced local variable
     1>main.cpp(784): warning C4244: 'initializing' : conversion from 'double' to 'const int', possible loss of data
     1>main.cpp(792): warning C4244: 'initializing' : conversion from 'double' to 'const int', possible loss of data
     1>main.cpp(863): warning C4018: '<' : signed/unsigned mismatch
       Link:
         C:\Program Files (x86)\Microsoft Visual Studio 12.0\VC\bin\link.exe /ERRORREPORT:PROMPT /OUT:"C:\Users\Laurie\Documents\Visual Studio 2013\Projects\Beat Detection\Release\Beat Detection.exe" /INCREMENTAL:NO /NOLOGO "sfml-graphics.lib" "sfml-window.lib" "sfml-system.lib" winmm.lib dxerr.lib kernel32.lib user32.lib gdi32.lib winspool.lib comdlg32.lib advapi32.lib shell32.lib ole32.lib oleaut32.lib uuid.lib odbc32.lib odbccp32.lib /MANIFEST /MANIFESTUAC:"level='asInvoker' uiAccess='false'" /manifest:embed /DEBUG /PDB:"C:\Users\Laurie\Documents\Visual Studio 2013\Projects\Beat Detection\Release\Beat Detection.pdb" /SUBSYSTEM:CONSOLE /OPT:REF /OPT:ICF /LTCG /TLBID:1 /DYNAMICBASE /NXCOMPAT /IMPLIB:"C:\Users\Laurie\Documents\Visual Studio 2013\Projects\Beat Detection\Release\Beat Detection.lib" /MACHINE:X86 /SAFESEH Release\SDKwavefile.obj
         Release\FFT.obj
         Release\main.obj
         Generating code
     1>c:\users\laurie\documents\visual studio 2013\projects\beat detection\beat detection\main.cpp(998): warning C4715: 'InitXAudio2' : not all control paths return a value
         Finished generating code
         Beat Detection.vcxproj -> C:\Users\Laurie\Documents\Visual Studio 2013\Projects\Beat Detection\Release\Beat Detection.exe
     1>Done Building Project "C:\Users\Laurie\Documents\Visual Studio 2013\Projects\Beat Detection\Beat Detection\Beat Detection.vcxproj" (Build target(s)).

Build succeeded.

Time Elapsed 00:00:10.28
